TN:Core
SF:/Users/felisasi/Documents/AlekseiShes/s21_string_plus/C2_s21_stringplus-0-develop/src/s21_string/s21_insert.c
FN:3,s21_insert
FNDA:6,s21_insert
FNF:1
FNH:1
DA:3,6
DA:4,6
DA:5,6
DA:6,6
DA:8,6
DA:10,4
DA:12,4
DA:13,4
DA:14,4
DA:15,4
DA:16,19
DA:17,15
DA:18,15
DA:19,15
DA:22,33
DA:23,29
DA:24,29
DA:25,29
DA:28,6
DA:29,2
DA:30,2
DA:31,2
DA:34,4
DA:37,4
LF:24
LH:24
end_of_record
TN:Core
SF:/Users/felisasi/Documents/AlekseiShes/s21_string_plus/C2_s21_stringplus-0-develop/src/s21_string/s21_memchr.c
FN:3,s21_memchr
FNDA:10,s21_memchr
FNF:1
FNH:1
DA:3,10
DA:4,10
DA:5,10
DA:6,73
DA:7,65
DA:8,2
DA:9,2
DA:11,63
DA:13,10
LF:9
LH:9
end_of_record
TN:Core
SF:/Users/felisasi/Documents/AlekseiShes/s21_string_plus/C2_s21_stringplus-0-develop/src/s21_string/s21_memcmp.c
FN:3,s21_memcmp
FNDA:0,s21_memcmp
FNF:1
FNH:0
DA:3,0
DA:4,0
DA:5,0
DA:6,0
DA:7,0
DA:8,0
DA:9,0
DA:10,0
DA:11,0
DA:13,0
LF:10
LH:0
end_of_record
TN:Core
SF:/Users/felisasi/Documents/AlekseiShes/s21_string_plus/C2_s21_stringplus-0-develop/src/s21_string/s21_memcpy.c
FN:3,s21_memcpy
FNDA:6,s21_memcpy
FNF:1
FNH:1
DA:3,6
DA:4,6
DA:5,6
DA:7,24
DA:8,18
DA:10,6
LF:6
LH:6
end_of_record
TN:Core
SF:/Users/felisasi/Documents/AlekseiShes/s21_string_plus/C2_s21_stringplus-0-develop/src/s21_string/s21_memmove.c
FN:3,s21_memmove
FNDA:5,s21_memmove
FNF:1
FNH:1
DA:3,5
DA:4,5
DA:5,5
DA:6,22
DA:7,17
DA:9,5
LF:6
LH:6
end_of_record
TN:Core
SF:/Users/felisasi/Documents/AlekseiShes/s21_string_plus/C2_s21_stringplus-0-develop/src/s21_string/s21_memset.c
FN:3,s21_memset
FNDA:7,s21_memset
FNF:1
FNH:1
DA:3,7
DA:4,7
DA:5,31
DA:6,7
LF:4
LH:4
end_of_record
TN:Core
SF:/Users/felisasi/Documents/AlekseiShes/s21_string_plus/C2_s21_stringplus-0-develop/src/s21_sprintf/s21_sprintf.c
FN:20,s21_sprintf
FNDA:1133,s21_sprintf
FN:52,Analysis_percent_alloc
FNDA:1157,Analysis_percent_alloc
FN:103,find_flag
FNDA:2314,find_flag
FN:126,find_unsignedinteger
FNDA:1194,find_unsignedinteger
FNF:4
FNH:4
DA:20,1133
DA:21,1133
DA:23,1133
DA:24,1133
DA:25,18373
DA:26,17241
DA:27,16084
DA:29,1157
DA:30,1157
DA:31,1157
DA:32,1156
DA:33,1156
DA:35,1157
DA:36,1157
DA:38,17241
DA:40,1133
DA:41,32
DA:42,32
DA:44,1133
DA:45,1133
DA:47,1133
DA:52,1157
DA:54,1157
DA:55,1157
DA:57,1157
DA:62,1157
DA:64,1157
DA:71,1157
DA:72,1157
DA:73,1157
DA:74,37
DA:75,37
DA:76,37
DA:78,1157
DA:79,1157
DA:80,1157
DA:83,1157
DA:84,1474
DA:85,1466
DA:86,1149
DA:87,1149
DA:88,1149
DA:90,1157
DA:91,8
DA:92,8
DA:97,1157
DA:103,2314
DA:104,2314
DA:105,2314
DA:106,4734
DA:107,2420
DA:108,11834
DA:109,9536
DA:110,122
DA:111,122
DA:112,122
DA:113,122
DA:116,122
DA:119,2420
DA:121,2314
DA:126,1194
DA:127,1194
DA:128,1194
DA:129,6
DA:130,6
DA:132,1188
DA:133,0
DA:135,0
DA:137,1290
DA:138,102
DA:139,102
DA:141,1188
DA:143,1194
LF:73
LH:71
end_of_record
TN:Core
SF:/Users/felisasi/Documents/AlekseiShes/s21_string_plus/C2_s21_stringplus-0-develop/src/s21_sprintf/s21_sprintf_common.c
FN:4,free_char_pointer_NULL
FNDA:2390,free_char_pointer_NULL
FN:10,strappend_alloc
FNDA:24288,strappend_alloc
FN:25,strbegin_alloc
FNDA:1094,strbegin_alloc
FN:60,addsign
FNDA:1151,addsign
FN:72,ShowStrValue
FNDA:1151,ShowStrValue
FN:93,strAddCharsInFront
FNDA:1158,strAddCharsInFront
FN:103,strinvers
FNDA:4450,strinvers
FN:117,getflagstatus
FNDA:4811,getflagstatus
FNF:8
FNH:8
DA:4,2390
DA:5,2390
DA:6,2390
DA:7,2390
DA:10,24288
DA:11,24288
DA:12,24288
DA:13,24280
DA:14,4611
DA:15,4611
DA:17,24280
DA:18,24280
DA:19,96886
DA:20,24280
DA:22,24288
DA:25,1094
DA:26,1094
DA:27,1094
DA:28,1094
DA:29,1094
DA:30,1094
DA:60,1151
DA:61,1151
DA:62,1151
DA:63,1151
DA:64,1025
DA:65,126
DA:66,19
DA:67,107
DA:68,7
DA:70,1151
DA:72,1151
DA:73,1151
DA:74,1151
DA:75,1151
DA:77,1151
DA:78,1151
DA:79,1151
DA:80,1151
DA:81,28
DA:82,28
DA:83,125
DA:85,1123
DA:86,1123
DA:88,1123
DA:89,1123
DA:91,1151
DA:93,1158
DA:94,1158
DA:95,43
DA:96,239
DA:97,43
DA:98,43
DA:100,1158
DA:103,4450
DA:104,4450
DA:105,4450
DA:106,4450
DA:107,4450
DA:108,4450
DA:109,17007
DA:110,17007
DA:111,4449
DA:112,4449
DA:114,4450
DA:117,4811
DA:118,4811
DA:119,4811
DA:120,28866
DA:121,24055
DA:122,183
DA:123,69
DA:124,114
DA:125,4811
LF:74
LH:74
end_of_record
TN:Core
SF:/Users/felisasi/Documents/AlekseiShes/s21_string_plus/C2_s21_stringplus-0-develop/src/s21_sprintf/s21_sprintf_specifier_c.c
FN:4,c_func
FNDA:8,c_func
FNF:1
FNH:1
DA:4,8
DA:5,8
DA:6,8
DA:7,8
DA:9,2
DA:10,2
DA:11,2
DA:12,2
DA:14,6
DA:16,8
DA:17,8
DA:19,8
LF:12
LH:12
end_of_record
TN:Core
SF:/Users/felisasi/Documents/AlekseiShes/s21_string_plus/C2_s21_stringplus-0-develop/src/s21_sprintf/s21_sprintf_specifier_d.c
FN:3,d_func
FNDA:1079,d_func
FN:16,IntToUnsignedStr
FNDA:1169,IntToUnsignedStr
FNF:2
FNH:2
DA:3,1079
DA:4,1079
DA:5,2158
DA:6,1079
DA:7,1079
DA:8,1079
DA:9,1079
DA:10,1079
DA:12,1079
DA:16,1169
DA:17,1169
DA:18,1169
DA:19,1169
DA:20,3410
DA:21,2242
DA:22,2242
DA:23,2242
DA:25,1168
DA:26,1168
DA:27,1168
DA:28,1168
DA:29,35
DA:31,1169
LF:23
LH:23
end_of_record
TN:Core
SF:/Users/felisasi/Documents/AlekseiShes/s21_string_plus/C2_s21_stringplus-0-develop/src/s21_sprintf/s21_sprintf_specifier_f.c
FN:3,f_func
FNDA:46,f_func
FN:19,FloatToUnsignedStr
FNDA:46,FloatToUnsignedStr
FNF:2
FNH:2
DA:3,46
DA:4,46
DA:5,46
DA:6,46
DA:7,4
DA:9,42
DA:10,46
DA:11,46
DA:12,46
DA:13,46
DA:15,46
DA:19,46
DA:20,46
DA:21,46
DA:22,46
DA:23,46
DA:24,46
DA:25,46
DA:26,46
DA:27,46
DA:28,46
DA:29,46
DA:31,46
DA:32,1
DA:33,1
DA:34,1
DA:37,46
DA:57,46
DA:58,44
DA:59,44
DA:61,46
DA:62,44
DA:63,44
DA:64,44
DA:66,46
LF:35
LH:35
end_of_record
TN:Core
SF:/Users/felisasi/Documents/AlekseiShes/s21_string_plus/C2_s21_stringplus-0-develop/src/s21_sprintf/s21_sprintf_specifier_n_pct.c
FN:3,n_func
FNDA:5,n_func
FN:21,unknown_func
FNDA:8,unknown_func
FNF:2
FNH:2
DA:3,5
DA:4,5
DA:5,5
DA:6,5
DA:8,5
DA:21,8
DA:22,8
DA:23,8
DA:24,8
DA:25,8
DA:27,8
DA:28,8
LF:12
LH:12
end_of_record
TN:Core
SF:/Users/felisasi/Documents/AlekseiShes/s21_string_plus/C2_s21_stringplus-0-develop/src/s21_sprintf/s21_sprintf_specifier_s.c
FN:4,wchar2chr
FNDA:6,wchar2chr
FN:19,s_func
FNDA:11,s_func
FNF:2
FNH:2
DA:4,6
DA:5,6
DA:6,57
DA:7,52
DA:8,52
DA:9,52
DA:10,52
DA:11,1
DA:12,1
DA:14,51
DA:16,6
DA:19,11
DA:20,11
DA:21,11
DA:22,11
DA:23,11
DA:24,11
DA:25,6
DA:26,6
DA:27,5
DA:29,1
DA:30,1
DA:33,5
DA:34,5
DA:36,11
DA:37,10
DA:38,10
DA:40,10
DA:41,10
DA:42,21
DA:44,10
DA:53,11
LF:32
LH:32
end_of_record
TN:Core
SF:/Users/felisasi/Documents/AlekseiShes/s21_string_plus/C2_s21_stringplus-0-develop/src/s21_sprintf/s21_sprintf_specifier_u.c
FN:3,u_func
FNDA:0,u_func
FNF:1
FNH:0
DA:3,0
DA:4,0
DA:5,0
DA:7,0
DA:8,0
DA:9,0
DA:11,0
LF:7
LH:0
end_of_record
TN:Core
SF:/Users/felisasi/Documents/AlekseiShes/s21_string_plus/C2_s21_stringplus-0-develop/src/s21_sscanf/s21_sscanf.c
FN:7,s21_sscanf
FNDA:82,s21_sscanf
FN:52,my_va_arg
FNDA:4,my_va_arg
FN:70,omit_space
FNDA:92,omit_space
FN:78,get_width_from_format
FNDA:95,get_width_from_format
FN:98,get_length_from_format
FNDA:95,get_length_from_format
FN:114,get_specifier_from_format
FNDA:95,get_specifier_from_format
FN:125,get_params
FNDA:95,get_params
FNF:7
FNH:7
DA:7,82
DA:8,82
DA:9,82
DA:10,82
DA:11,82
DA:13,82
DA:14,82
DA:15,82
DA:24,195
DA:25,113
DA:26,113
DA:27,95
DA:28,95
DA:30,95
DA:31,1615
DA:32,1520
DA:33,95
DA:34,92
DA:36,95
DA:37,95
DA:38,0
DA:42,95
DA:45,18
DA:48,82
DA:49,82
DA:52,4
DA:53,4
DA:54,4
DA:55,0
DA:56,0
DA:57,1
DA:58,2
DA:59,0
DA:60,1
DA:61,0
DA:62,0
DA:63,0
DA:65,0
DA:67,4
DA:70,92
DA:71,92
DA:72,159
DA:73,67
DA:74,67
DA:76,92
DA:78,95
DA:79,95
DA:80,95
DA:81,0
DA:82,0
DA:84,95
DA:85,1
DA:86,1
DA:87,94
DA:88,1
DA:90,93
DA:92,95
DA:93,1
DA:95,95
DA:98,95
DA:99,95
DA:100,95
DA:101,30
DA:104,30
DA:105,30
DA:106,30
DA:107,65
DA:108,65
DA:109,65
DA:111,95
DA:114,95
DA:115,95
DA:116,1615
DA:117,1520
DA:118,95
DA:119,95
DA:120,95
DA:122,95
DA:125,95
DA:126,190
DA:127,95
DA:128,190
LF:82
LH:72
end_of_record
TN:Core
SF:/Users/felisasi/Documents/AlekseiShes/s21_string_plus/C2_s21_stringplus-0-develop/src/s21_sscanf/s21_sscanf_c_s_n_p_pr.c
FN:6,scan_c_func
FNDA:0,scan_c_func
FN:19,scan_s_func
FNDA:11,scan_s_func
FN:32,scan_n_func
FNDA:3,scan_n_func
FN:37,scan_p_func
FNDA:0,scan_p_func
FN:38,scan_prfunc
FNDA:0,scan_prfunc
FN:40,s_specifier
FNDA:11,s_specifier
FN:55,w_s_specifier
FNDA:0,w_s_specifier
FNF:7
FNH:3
DA:6,0
DA:7,0
DA:8,0
DA:9,0
DA:11,0
DA:12,0
DA:13,0
DA:15,0
DA:16,0
DA:19,11
DA:20,11
DA:21,11
DA:22,0
DA:24,11
DA:25,0
DA:27,11
DA:29,11
DA:32,3
DA:33,3
DA:34,3
DA:37,0
DA:38,0
DA:40,11
DA:41,11
DA:42,56
DA:43,46
DA:44,45
DA:45,45
DA:46,45
DA:47,45
DA:48,45
DA:49,45
DA:51,11
DA:52,11
DA:55,0
DA:56,0
DA:57,0
DA:58,0
DA:59,0
DA:60,0
DA:61,0
DA:62,0
DA:63,0
DA:65,0
DA:66,0
LF:45
LH:21
end_of_record
TN:Core
SF:/Users/felisasi/Documents/AlekseiShes/s21_string_plus/C2_s21_stringplus-0-develop/src/s21_sscanf/s21_sscanf_convert.c
FN:4,make_int_width
FNDA:1,make_int_width
FN:14,make_int
FNDA:27,make_int
FN:39,make_int_8
FNDA:20,make_int_8
FN:65,make_int_16
FNDA:34,make_int_16
FNF:4
FNH:4
DA:4,1
DA:5,1
DA:6,2
DA:7,1
DA:8,1
DA:9,1
DA:11,1
DA:14,27
DA:15,27
DA:16,27
DA:17,27
DA:18,8
DA:19,8
DA:20,8
DA:22,19
DA:24,27
DA:25,1
DA:27,115
DA:28,88
DA:29,25
DA:31,88
DA:32,88
DA:33,88
DA:34,88
DA:36,27
DA:39,20
DA:41,20
DA:42,20
DA:43,20
DA:44,4
DA:45,4
DA:46,4
DA:48,16
DA:50,20
DA:51,1
DA:53,46
DA:54,26
DA:55,15
DA:57,26
DA:58,26
DA:59,26
DA:60,26
DA:62,20
DA:65,34
DA:67,34
DA:68,34
DA:69,34
DA:70,34
DA:71,6
DA:72,6
DA:73,6
DA:75,28
DA:77,34
DA:78,2
DA:80,32
DA:81,17
DA:82,17
DA:83,17
DA:84,6
DA:86,17
DA:87,17
DA:88,17
DA:92,190
DA:93,190
DA:94,152
DA:95,38
DA:96,2
DA:97,36
DA:98,2
DA:102,156
DA:103,156
DA:104,156
DA:105,156
DA:106,156
DA:107,10
DA:110,34
LF:76
LH:76
end_of_record
TN:Core
SF:/Users/felisasi/Documents/AlekseiShes/s21_string_plus/C2_s21_stringplus-0-develop/src/s21_sscanf/s21_sscanf_d_u_i.c
FN:3,scan_d_func
FNDA:4,scan_d_func
FN:28,scan_u_func
FNDA:23,scan_u_func
FN:48,scan_i_func
FNDA:0,scan_i_func
FN:68,i_specifier
FNDA:0,i_specifier
FN:86,hi_specifier
FNDA:0,hi_specifier
FN:104,li_specifier
FNDA:0,li_specifier
FN:123,d_specifier_
FNDA:0,d_specifier_
FN:129,d_specifier
FNDA:0,d_specifier
FN:147,u_specifier
FNDA:16,u_specifier
FN:153,hu_specifier
FNDA:4,hu_specifier
FN:159,lu_specifier
FNDA:3,lu_specifier
FNF:11
FNH:5
DA:3,4
DA:4,4
DA:5,4
DA:6,0
DA:7,0
DA:9,4
DA:13,1
DA:14,1
DA:16,3
DA:18,1
DA:19,1
DA:22,2
DA:23,2
DA:26,4
DA:28,23
DA:29,23
DA:30,23
DA:31,0
DA:33,23
DA:34,4
DA:35,4
DA:37,19
DA:38,3
DA:39,3
DA:42,16
DA:46,23
DA:48,0
DA:49,0
DA:50,0
DA:51,0
DA:53,0
DA:54,0
DA:56,0
DA:57,0
DA:60,0
DA:65,0
DA:68,0
DA:70,0
DA:71,0
DA:72,0
DA:73,0
DA:74,0
DA:75,0
DA:76,0
DA:78,0
DA:81,0
DA:83,0
DA:86,0
DA:88,0
DA:89,0
DA:90,0
DA:91,0
DA:92,0
DA:93,0
DA:94,0
DA:96,0
DA:99,0
DA:101,0
DA:104,0
DA:106,0
DA:107,0
DA:108,0
DA:109,0
DA:110,0
DA:111,0
DA:112,0
DA:114,0
DA:117,0
DA:119,0
DA:123,0
DA:125,0
DA:126,0
DA:129,0
DA:131,0
DA:132,0
DA:147,16
DA:149,16
DA:150,16
DA:153,4
DA:155,4
DA:156,4
DA:159,3
DA:161,3
DA:162,3
LF:84
LH:32
end_of_record
TN:Core
SF:/Users/felisasi/Documents/AlekseiShes/s21_string_plus/C2_s21_stringplus-0-develop/src/s21_sscanf/s21_sscanf_f_eE_gG.c
FN:3,scan_f_func
FNDA:0,scan_f_func
FN:32,f_specifier
FNDA:0,f_specifier
FN:38,lf_specifier
FNDA:0,lf_specifier
FN:44,Lf_specifier
FNDA:0,Lf_specifier
FN:50,make_long_double
FNDA:0,make_long_double
FNF:5
FNH:0
DA:3,0
DA:4,0
DA:5,0
DA:6,0
DA:7,0
DA:9,0
DA:12,0
DA:13,0
DA:14,0
DA:16,0
DA:20,0
DA:21,0
DA:23,0
DA:28,0
DA:32,0
DA:34,0
DA:35,0
DA:38,0
DA:40,0
DA:41,0
DA:44,0
DA:46,0
DA:47,0
DA:50,0
DA:52,0
DA:53,0
DA:54,0
DA:55,0
DA:56,0
DA:57,0
DA:59,0
DA:60,0
DA:61,0
DA:63,0
DA:65,0
DA:66,0
DA:67,0
DA:68,0
DA:71,0
DA:72,0
DA:73,0
DA:74,0
DA:76,0
DA:77,0
DA:78,0
DA:79,0
DA:80,0
DA:81,0
DA:82,0
DA:83,0
DA:84,0
DA:87,0
DA:88,0
DA:91,0
DA:92,0
DA:93,0
DA:94,0
DA:95,0
DA:96,0
DA:97,0
DA:98,0
DA:101,0
DA:102,0
DA:103,0
DA:107,0
LF:65
LH:0
end_of_record
TN:Core
SF:/Users/felisasi/Documents/AlekseiShes/s21_string_plus/C2_s21_stringplus-0-develop/src/s21_sscanf/s21_sscanf_x_o.c
FN:3,scan_o_func
FNDA:20,scan_o_func
FN:22,scan_x_func
FNDA:34,scan_x_func
FN:43,o_specifier
FNDA:12,o_specifier
FN:49,ho_specifier
FNDA:4,ho_specifier
FN:55,lo_specifier
FNDA:4,lo_specifier
FN:62,x_specifier
FNDA:21,x_specifier
FN:77,hx_specifier
FNDA:8,hx_specifier
FN:94,lx_specifier
FNDA:5,lx_specifier
FNF:8
FNH:8
DA:3,20
DA:4,20
DA:5,1
DA:7,19
DA:8,4
DA:9,4
DA:11,15
DA:12,4
DA:13,4
DA:16,11
DA:21,20
DA:22,34
DA:23,34
DA:24,34
DA:25,0
DA:27,34
DA:28,8
DA:29,8
DA:31,26
DA:32,5
DA:33,5
DA:36,21
DA:40,34
DA:43,12
DA:45,12
DA:46,12
DA:49,4
DA:51,4
DA:52,4
DA:55,4
DA:57,4
DA:58,4
DA:62,21
DA:64,21
DA:65,11
DA:66,11
DA:67,11
DA:68,11
DA:69,11
DA:72,10
DA:74,21
DA:77,8
DA:79,8
DA:80,4
DA:81,4
DA:82,4
DA:83,4
DA:84,4
DA:85,4
DA:86,4
DA:89,4
DA:91,8
DA:94,5
DA:96,5
DA:97,1
DA:98,1
DA:99,1
DA:100,1
DA:101,1
DA:102,1
DA:103,1
DA:106,4
DA:108,5
LF:63
LH:62
end_of_record
TN:Core
SF:/Users/felisasi/Documents/AlekseiShes/s21_string_plus/C2_s21_stringplus-0-develop/src/s21_string/s21_strcat.c
FN:3,s21_strcat
FNDA:8,s21_strcat
FNF:1
FNH:1
DA:3,8
DA:4,8
DA:5,8
LF:3
LH:3
end_of_record
TN:Core
SF:/Users/felisasi/Documents/AlekseiShes/s21_string_plus/C2_s21_stringplus-0-develop/src/s21_string/s21_strchr.c
FN:3,s21_strchr
FNDA:130,s21_strchr
FNF:1
FNH:1
DA:3,130
DA:4,130
DA:5,130
DA:6,378
DA:7,248
DA:8,248
DA:10,130
LF:7
LH:7
end_of_record
TN:Core
SF:/Users/felisasi/Documents/AlekseiShes/s21_string_plus/C2_s21_stringplus-0-develop/src/s21_string/s21_strcmp.c
FN:3,s21_strcmp
FNDA:5,s21_strcmp
FNF:1
FNH:1
DA:3,5
DA:4,18
DA:5,13
DA:6,13
DA:8,5
LF:5
LH:5
end_of_record
TN:Core
SF:/Users/felisasi/Documents/AlekseiShes/s21_string_plus/C2_s21_stringplus-0-develop/src/s21_string/s21_strcpy.c
FN:3,s21_strcpy
FNDA:1253,s21_strcpy
FNF:1
FNH:1
DA:3,1253
DA:4,1253
DA:5,1252
DA:6,24605
DA:7,1252
DA:9,1253
LF:6
LH:6
end_of_record
TN:Core
SF:/Users/felisasi/Documents/AlekseiShes/s21_string_plus/C2_s21_stringplus-0-develop/src/s21_string/s21_strcspn.c
FN:3,s21_strcspn
FNDA:9,s21_strcspn
FNF:1
FNH:1
DA:3,9
DA:4,9
DA:5,9
DA:6,71
DA:7,234
DA:8,172
DA:9,4
DA:12,62
DA:13,58
DA:16,9
LF:10
LH:10
end_of_record
TN:Core
SF:/Users/felisasi/Documents/AlekseiShes/s21_string_plus/C2_s21_stringplus-0-develop/src/s21_string/s21_strerror.c
FN:259,s21_strerror
FNDA:1151,s21_strerror
FNF:1
FNH:1
DA:259,1151
DA:261,1151
DA:262,1151
DA:263,107
DA:265,1044
DA:267,1151
LF:6
LH:6
end_of_record
TN:Core
SF:/Users/felisasi/Documents/AlekseiShes/s21_string_plus/C2_s21_stringplus-0-develop/src/s21_string/s21_strlen.c
FN:3,s21_strlen
FNDA:94151,s21_strlen
FNF:1
FNH:1
DA:3,94151
DA:4,94151
DA:5,685742
DA:6,94151
LF:4
LH:4
end_of_record
TN:Core
SF:/Users/felisasi/Documents/AlekseiShes/s21_string_plus/C2_s21_stringplus-0-develop/src/s21_string/s21_strncat.c
FN:3,s21_strncat
FNDA:24282,s21_strncat
FNF:1
FNH:1
DA:3,24282
DA:4,24282
DA:5,72615
DA:6,48333
DA:8,24282
DA:9,24282
LF:6
LH:6
end_of_record
TN:Core
SF:/Users/felisasi/Documents/AlekseiShes/s21_string_plus/C2_s21_stringplus-0-develop/src/s21_string/s21_strncmp.c
FN:3,s21_strncmp
FNDA:6,s21_strncmp
FNF:1
FNH:1
DA:3,6
DA:4,6
DA:5,20
DA:6,15
DA:7,1
DA:8,1
DA:10,6
LF:7
LH:7
end_of_record
TN:Core
SF:/Users/felisasi/Documents/AlekseiShes/s21_string_plus/C2_s21_stringplus-0-develop/src/s21_string/s21_strncpy.c
FN:3,s21_strncpy
FNDA:4,s21_strncpy
FNF:1
FNH:1
DA:3,4
DA:4,4
DA:5,10
DA:6,6
DA:7,6
DA:9,9
DA:10,5
DA:11,5
DA:13,4
LF:9
LH:9
end_of_record
TN:Core
SF:/Users/felisasi/Documents/AlekseiShes/s21_string_plus/C2_s21_stringplus-0-develop/src/s21_string/s21_strpbrk.c
FN:3,s21_strpbrk
FNDA:6,s21_strpbrk
FNF:1
FNH:1
DA:3,6
DA:4,6
DA:5,20
DA:6,46
DA:7,32
DA:8,6
DA:9,6
DA:12,20
DA:13,6
DA:17,6
LF:10
LH:10
end_of_record
TN:Core
SF:/Users/felisasi/Documents/AlekseiShes/s21_string_plus/C2_s21_stringplus-0-develop/src/s21_string/s21_strrchr.c
FN:3,s21_strrchr
FNDA:5,s21_strrchr
FNF:1
FNH:1
DA:3,5
DA:4,5
DA:5,5
DA:7,33
DA:8,29
DA:9,1
DA:10,1
DA:14,5
LF:8
LH:8
end_of_record
TN:Core
SF:/Users/felisasi/Documents/AlekseiShes/s21_string_plus/C2_s21_stringplus-0-develop/src/s21_string/s21_strspn.c
FN:3,s21_strspn
FNDA:6,s21_strspn
FNF:1
FNH:1
DA:3,6
DA:4,6
DA:5,11
DA:6,5
DA:8,6
LF:5
LH:5
end_of_record
TN:Core
SF:/Users/felisasi/Documents/AlekseiShes/s21_string_plus/C2_s21_stringplus-0-develop/src/s21_string/s21_strstr.c
FN:3,s21_strstr
FNDA:6,s21_strstr
FNF:1
FNH:1
DA:3,6
DA:4,6
DA:5,23
DA:6,22
DA:7,30
DA:8,13
DA:9,8
DA:11,17
DA:13,1
LF:9
LH:9
end_of_record
TN:Core
SF:/Users/felisasi/Documents/AlekseiShes/s21_string_plus/C2_s21_stringplus-0-develop/src/s21_string/s21_strtok.c
FN:3,s21_strtok
FNDA:8,s21_strtok
FNF:1
FNH:1
DA:3,8
DA:5,8
DA:6,4
DA:7,4
DA:9,8
DA:10,8
DA:11,2
DA:13,6
DA:14,36
DA:15,9
DA:17,8
LF:11
LH:11
end_of_record
TN:Core
SF:/Users/felisasi/Documents/AlekseiShes/s21_string_plus/C2_s21_stringplus-0-develop/src/s21_string/s21_to_lower.c
FN:3,s21_to_lower
FNDA:4,s21_to_lower
FNF:1
FNH:1
DA:3,4
DA:4,4
DA:5,4
DA:6,4
DA:7,4
DA:9,4
DA:10,36
DA:11,32
DA:12,25
DA:14,7
DA:16,32
DA:19,4
LF:12
LH:12
end_of_record
TN:Core
SF:/Users/felisasi/Documents/AlekseiShes/s21_string_plus/C2_s21_stringplus-0-develop/src/s21_string/s21_to_upper.c
FN:3,s21_to_upper
FNDA:4,s21_to_upper
FNF:1
FNH:1
DA:3,4
DA:4,4
DA:5,4
DA:6,4
DA:7,4
DA:8,4
DA:9,4
DA:11,4
DA:12,44
DA:13,40
DA:14,26
DA:16,14
DA:18,40
DA:21,4
LF:14
LH:14
end_of_record
TN:Core
SF:/Users/felisasi/Documents/AlekseiShes/s21_string_plus/C2_s21_stringplus-0-develop/src/s21_string/s21_trim.c
FN:6,s21_trim
FNDA:11,s21_trim
FN:32,first_occur
FNDA:30,first_occur
FN:41,endwith
FNDA:28,endwith
FNF:3
FNH:3
DA:6,11
DA:7,11
DA:8,11
DA:9,17
DA:10,7
DA:11,7
DA:12,30
DA:13,23
DA:15,7
DA:16,28
DA:18,2
DA:20,84
DA:21,77
DA:22,77
DA:25,3
DA:29,11
DA:32,30
DA:33,30
DA:34,30
DA:35,177
DA:36,147
DA:38,30
DA:41,28
DA:42,28
DA:43,28
DA:44,28
DA:45,160
DA:46,132
DA:48,28
LF:29
LH:29
end_of_record
TN:Core
SF:/Users/felisasi/Documents/AlekseiShes/s21_string_plus/C2_s21_stringplus-0-develop/src/test.c
FN:15,insert_test_fn
FNDA:1,insert_test_fn
FN:56,memchr_test_fn
FNDA:1,memchr_test_fn
FN:83,memcmp_test_fn
FNDA:1,memcmp_test_fn
FN:103,memcpy_test_fn
FNDA:1,memcpy_test_fn
FN:132,memmove_test_fn
FNDA:1,memmove_test_fn
FN:147,memset_test_fn
FNDA:1,memset_test_fn
FN:159,strcat_test_fn
FNDA:1,strcat_test_fn
FN:183,strncat_test_fn
FNDA:1,strncat_test_fn
FN:204,strchr_test_fn
FNDA:1,strchr_test_fn
FN:221,strcmp_test_fn
FNDA:1,strcmp_test_fn
FN:240,strncmp_test_fn
FNDA:1,strncmp_test_fn
FN:258,strcpy_test_fn
FNDA:1,strcpy_test_fn
FN:286,strncpy_test_fn
FNDA:1,strncpy_test_fn
FN:308,strcspn_test_fn
FNDA:1,strcspn_test_fn
FN:331,all_errors_fn
FNDA:1,all_errors_fn
FN:340,negative_err_code_fn
FNDA:1,negative_err_code_fn
FN:347,strlen_test_fn
FNDA:1,strlen_test_fn
FN:367,strpbrk_test_fn
FNDA:1,strpbrk_test_fn
FN:403,strrchr_test_fn
FNDA:1,strrchr_test_fn
FN:421,strspn_test_fn
FNDA:1,strspn_test_fn
FN:439,strstr_test_fn
FNDA:1,strstr_test_fn
FN:458,strtok_test_fn
FNDA:1,strtok_test_fn
FN:485,to_lower_test_fn
FNDA:1,to_lower_test_fn
FN:520,to_upper_test_fn
FNDA:1,to_upper_test_fn
FN:556,trim_test_fn
FNDA:1,trim_test_fn
FN:609,sprintf_test_fn
FNDA:1,sprintf_test_fn
FN:954,s21_sscanf_test_my_fn
FNDA:1,s21_sscanf_test_my_fn
FN:990,s21_sscanf_test_fn
FNDA:1,s21_sscanf_test_fn
FN:1966,s21_sscanf_u_test_fn
FNDA:1,s21_sscanf_u_test_fn
FN:2127,s21_sscanf_o_test_fn
FNDA:1,s21_sscanf_o_test_fn
FN:2288,s21_sscanf_x_X_test_fn
FNDA:1,s21_sscanf_x_X_test_fn
FN:2494,main
FNDA:32,main
FNF:32
FNH:32
DA:15,1
DA:16,1
DA:17,1
DA:18,1
DA:19,1
DA:20,1
DA:21,1
DA:22,1
DA:25,1
DA:26,1
DA:27,1
DA:29,1
DA:30,1
DA:31,1
DA:32,1
DA:35,1
DA:36,1
DA:37,1
DA:39,1
DA:40,1
DA:41,1
DA:42,1
DA:45,1
DA:46,1
DA:47,1
DA:48,1
DA:49,1
DA:50,1
DA:52,1
DA:56,1
DA:57,1
DA:58,1
DA:60,1
DA:62,1
DA:64,1
DA:66,1
DA:68,1
DA:70,1
DA:72,1
DA:74,1
DA:76,1
DA:80,1
DA:83,1
DA:84,1
DA:100,1
DA:103,1
DA:104,1
DA:105,1
DA:106,1
DA:107,1
DA:108,1
DA:109,1
DA:110,1
DA:111,1
DA:112,1
DA:113,1
DA:114,1
DA:115,1
DA:117,1
DA:118,1
DA:119,1
DA:120,1
DA:121,1
DA:122,1
DA:129,1
DA:132,1
DA:133,1
DA:134,1
DA:136,1
DA:138,1
DA:140,1
DA:142,1
DA:144,1
DA:147,1
DA:148,1
DA:149,1
DA:150,1
DA:151,1
DA:152,1
DA:153,1
DA:154,1
DA:155,1
DA:156,1
DA:159,1
DA:160,1
DA:161,1
DA:162,1
DA:163,1
DA:164,1
DA:165,1
DA:166,1
DA:167,1
DA:168,1
DA:169,1
DA:170,1
DA:172,1
DA:174,1
DA:176,1
DA:178,1
DA:180,1
DA:183,1
DA:184,1
DA:185,1
DA:186,1
DA:187,1
DA:188,1
DA:189,1
DA:190,1
DA:191,1
DA:192,1
DA:193,1
DA:194,1
DA:196,1
DA:197,1
DA:198,1
DA:199,1
DA:200,1
DA:201,1
DA:204,1
DA:205,1
DA:206,1
DA:207,1
DA:208,1
DA:209,1
DA:210,1
DA:211,1
DA:212,1
DA:213,1
DA:214,1
DA:215,1
DA:216,1
DA:217,1
DA:218,1
DA:221,1
DA:222,1
DA:223,1
DA:224,1
DA:225,1
DA:226,1
DA:227,1
DA:228,1
DA:229,1
DA:230,1
DA:231,1
DA:232,1
DA:237,1
DA:240,1
DA:241,1
DA:243,1
DA:245,1
DA:247,1
DA:249,1
DA:251,1
DA:252,1
DA:253,1
DA:255,1
DA:258,1
DA:259,1
DA:260,1
DA:261,1
DA:262,1
DA:264,1
DA:265,1
DA:266,1
DA:267,1
DA:269,1
DA:270,1
DA:271,1
DA:272,1
DA:274,1
DA:275,1
DA:276,1
DA:277,1
DA:279,1
DA:280,1
DA:281,1
DA:282,1
DA:283,1
DA:286,1
DA:287,1
DA:288,1
DA:289,1
DA:290,1
DA:291,1
DA:292,1
DA:293,1
DA:294,1
DA:295,1
DA:296,1
DA:297,1
DA:299,1
DA:301,1
DA:303,1
DA:305,1
DA:308,1
DA:309,1
DA:310,1
DA:311,1
DA:312,1
DA:313,1
DA:314,1
DA:315,1
DA:316,1
DA:317,1
DA:318,1
DA:319,1
DA:320,1
DA:321,1
DA:322,1
DA:323,1
DA:324,1
DA:325,1
DA:326,1
DA:327,1
DA:328,1
DA:331,1
DA:332,1151
DA:333,1150
DA:334,1150
DA:335,1150
DA:337,1
DA:340,1
DA:341,1
DA:342,1
DA:343,1
DA:344,1
DA:347,1
DA:348,1
DA:349,1
DA:350,1
DA:351,1
DA:352,1
DA:353,1
DA:354,1
DA:355,1
DA:356,1
DA:357,1
DA:360,1
DA:367,1
DA:368,1
DA:369,1
DA:371,1
DA:372,1
DA:373,1
DA:380,1
DA:381,1
DA:382,1
DA:383,1
DA:385,1
DA:386,1
DA:387,1
DA:388,1
DA:390,1
DA:391,1
DA:392,1
DA:393,1
DA:394,1
DA:396,1
DA:397,1
DA:398,1
DA:399,1
DA:400,1
DA:403,1
DA:404,1
DA:405,1
DA:406,1
DA:408,1
DA:410,1
DA:412,1
DA:414,1
DA:416,1
DA:418,1
DA:421,1
DA:422,1
DA:423,1
DA:424,1
DA:425,1
DA:426,1
DA:427,1
DA:428,1
DA:429,1
DA:431,1
DA:432,1
DA:433,1
DA:434,1
DA:435,1
DA:436,1
DA:437,1
DA:439,1
DA:440,1
DA:441,1
DA:442,1
DA:443,1
DA:444,1
DA:445,1
DA:446,1
DA:447,1
DA:449,1
DA:450,1
DA:451,1
DA:452,1
DA:453,1
DA:454,1
DA:455,1
DA:458,1
DA:459,1
DA:460,1
DA:461,1
DA:462,1
DA:463,1
DA:464,1
DA:465,1
DA:466,1
DA:467,1
DA:469,1
DA:470,1
DA:471,1
DA:472,1
DA:473,2
DA:474,1
DA:475,1
DA:477,2
DA:478,1
DA:479,1
DA:481,1
DA:482,1
DA:485,1
DA:486,1
DA:487,1
DA:488,1
DA:489,1
DA:490,1
DA:492,1
DA:493,1
DA:494,1
DA:497,1
DA:499,1
DA:500,1
DA:501,1
DA:504,1
DA:506,1
DA:507,1
DA:508,1
DA:511,1
DA:513,1
DA:514,1
DA:515,1
DA:517,1
DA:520,1
DA:521,1
DA:522,1
DA:523,1
DA:524,1
DA:526,1
DA:528,1
DA:529,1
DA:530,1
DA:533,1
DA:535,1
DA:536,1
DA:537,1
DA:539,1
DA:541,1
DA:542,1
DA:543,1
DA:546,1
DA:548,1
DA:549,1
DA:550,1
DA:552,1
DA:556,1
DA:558,1
DA:559,1
DA:560,1
DA:561,1
DA:562,1
DA:565,1
DA:566,1
DA:567,1
DA:568,1
DA:569,1
DA:570,1
DA:573,1
DA:574,1
DA:575,1
DA:576,1
DA:577,1
DA:580,1
DA:581,1
DA:582,1
DA:584,1
DA:585,1
DA:586,1
DA:587,1
DA:590,1
DA:591,1
DA:592,1
DA:593,1
DA:596,1
DA:597,1
DA:598,1
DA:599,1
DA:601,1
DA:602,1
DA:603,1
DA:604,1
DA:606,1
DA:609,1
DA:610,1
DA:611,1
DA:612,1
DA:613,1
DA:614,1
DA:615,1
DA:619,1
DA:620,1
DA:621,1
DA:623,1
DA:624,1
DA:625,1
DA:626,1
DA:628,1
DA:629,1
DA:630,1
DA:632,1
DA:633,1
DA:634,1
DA:638,1
DA:639,1
DA:640,1
DA:642,1
DA:643,1
DA:644,1
DA:646,1
DA:647,1
DA:648,1
DA:650,1
DA:651,1
DA:652,1
DA:654,1
DA:655,1
DA:656,1
DA:658,1
DA:659,1
DA:660,1
DA:662,1
DA:663,1
DA:664,1
DA:666,1
DA:667,1
DA:668,1
DA:670,1
DA:671,1
DA:672,1
DA:674,1
DA:675,1
DA:676,1
DA:678,1
DA:679,1
DA:680,1
DA:682,1
DA:683,1
DA:684,1
DA:686,1
DA:687,1
DA:688,1
DA:690,1
DA:691,1
DA:692,1
DA:694,1
DA:695,1
DA:696,1
DA:698,1
DA:699,1
DA:700,1
DA:702,1
DA:703,1
DA:704,1
DA:706,1
DA:707,1
DA:708,1
DA:710,1
DA:711,1
DA:712,1
DA:724,1
DA:725,1
DA:726,1
DA:728,1
DA:729,1
DA:730,1
DA:732,1
DA:733,1
DA:734,1
DA:736,1
DA:737,1
DA:738,1
DA:740,1
DA:741,1
DA:742,1
DA:744,1
DA:745,1
DA:746,1
DA:748,1
DA:749,1
DA:750,1
DA:752,1
DA:753,1
DA:754,1
DA:755,1
DA:764,1
DA:765,1
DA:766,1
DA:768,1
DA:769,1
DA:770,1
DA:772,1
DA:773,1
DA:774,1
DA:776,1
DA:777,1
DA:778,1
DA:782,1
DA:783,1
DA:784,1
DA:786,1
DA:787,1
DA:788,1
DA:790,1
DA:791,1
DA:792,1
DA:794,1
DA:795,1
DA:796,1
DA:798,1
DA:799,1
DA:800,1
DA:801,1
DA:803,1
DA:804,1
DA:805,1
DA:807,1
DA:809,1
DA:810,1
DA:811,1
DA:813,1
DA:815,1
DA:817,1
DA:819,1
DA:821,1
DA:823,1
DA:825,15
DA:826,14
DA:827,14
DA:828,14
DA:831,15
DA:832,14
DA:833,14
DA:834,14
DA:837,1
DA:838,1
DA:839,1
DA:841,1
DA:845,1
DA:846,1
DA:847,1
DA:849,1
DA:850,1
DA:851,1
DA:853,1
DA:854,1
DA:855,1
DA:857,1
DA:858,1
DA:859,1
DA:861,1
DA:862,1
DA:863,1
DA:865,1
DA:866,1
DA:867,1
DA:869,1
DA:870,1
DA:871,1
DA:872,1
DA:874,1
DA:875,1
DA:876,1
DA:877,1
DA:878,1
DA:880,1
DA:881,1
DA:882,1
DA:883,1
DA:915,1
DA:916,1
DA:917,1
DA:919,1
DA:920,1
DA:921,1
DA:923,1
DA:924,1
DA:925,1
DA:931,1
DA:932,1
DA:933,1
DA:935,1
DA:936,1
DA:937,1
DA:939,1
DA:940,1
DA:941,1
DA:943,1
DA:944,1
DA:945,1
DA:946,1
DA:948,1
DA:949,1
DA:950,1
DA:951,1
DA:954,1
DA:956,1
DA:957,1
DA:958,1
DA:959,1
DA:961,1
DA:962,1
DA:964,1
DA:965,1
DA:966,1
DA:967,1
DA:969,1
DA:970,1
DA:971,1
DA:972,1
DA:973,1
DA:975,1
DA:976,1
DA:977,1
DA:978,1
DA:979,1
DA:981,1
DA:982,1
DA:983,1
DA:984,1
DA:985,1
DA:988,1
DA:990,1
DA:992,1
DA:993,1
DA:994,1
DA:995,1
DA:997,1
DA:998,1
DA:1000,1
DA:1001,1
DA:1002,1
DA:1003,1
DA:1005,1
DA:1006,1
DA:1007,1
DA:1008,1
DA:1010,1
DA:1011,1
DA:1012,1
DA:1013,1
DA:1015,1
DA:1016,1
DA:1017,1
DA:1018,1
DA:1019,1
DA:1020,1
DA:1022,1
DA:1023,1
DA:1024,1
DA:1025,1
DA:1027,1
DA:1028,1
DA:1029,1
DA:1030,1
DA:1031,1
DA:1033,1
DA:1034,1
DA:1035,1
DA:1036,1
DA:1037,1
DA:1039,1
DA:1040,1
DA:1041,1
DA:1042,1
DA:1043,1
DA:1045,1
DA:1046,1
DA:1047,1
DA:1048,1
DA:1049,1
DA:1050,1
DA:1963,1
DA:1966,1
DA:1967,1
DA:1968,1
DA:1969,1
DA:1970,1
DA:1971,1
DA:1972,1
DA:1973,1
DA:1974,1
DA:1975,1
DA:1976,1
DA:1977,1
DA:1978,1
DA:1979,1
DA:1980,1
DA:1982,1
DA:1983,1
DA:1984,1
DA:1985,1
DA:1987,1
DA:1988,1
DA:1989,1
DA:1990,1
DA:1992,1
DA:1993,1
DA:1994,1
DA:1995,1
DA:1997,1
DA:1998,1
DA:1999,1
DA:2000,1
DA:2002,1
DA:2003,1
DA:2004,1
DA:2005,1
DA:2007,1
DA:2008,1
DA:2009,1
DA:2010,1
DA:2012,1
DA:2013,1
DA:2014,1
DA:2015,1
DA:2017,1
DA:2018,1
DA:2019,1
DA:2020,1
DA:2022,1
DA:2023,1
DA:2024,1
DA:2025,1
DA:2027,1
DA:2028,1
DA:2029,1
DA:2030,1
DA:2032,1
DA:2033,1
DA:2034,1
DA:2035,1
DA:2037,1
DA:2038,1
DA:2039,1
DA:2040,1
DA:2042,1
DA:2043,1
DA:2044,1
DA:2045,1
DA:2052,1
DA:2053,1
DA:2054,1
DA:2055,1
DA:2057,1
DA:2058,1
DA:2059,1
DA:2060,1
DA:2062,1
DA:2063,1
DA:2064,1
DA:2065,1
DA:2067,1
DA:2068,1
DA:2070,1
DA:2071,1
DA:2072,1
DA:2073,1
DA:2075,1
DA:2076,1
DA:2078,1
DA:2079,1
DA:2080,1
DA:2081,1
DA:2083,1
DA:2084,1
DA:2085,1
DA:2086,1
DA:2088,1
DA:2089,1
DA:2090,1
DA:2091,1
DA:2092,1
DA:2093,1
DA:2095,1
DA:2096,1
DA:2097,1
DA:2099,1
DA:2100,1
DA:2101,1
DA:2102,1
DA:2103,1
DA:2104,1
DA:2124,1
DA:2127,1
DA:2128,1
DA:2129,1
DA:2131,1
DA:2132,1
DA:2133,1
DA:2135,1
DA:2136,1
DA:2137,1
DA:2139,1
DA:2140,1
DA:2141,1
DA:2142,1
DA:2144,1
DA:2145,1
DA:2146,1
DA:2147,1
DA:2149,1
DA:2150,1
DA:2151,1
DA:2152,1
DA:2154,1
DA:2155,1
DA:2156,1
DA:2157,1
DA:2159,1
DA:2160,1
DA:2161,1
DA:2162,1
DA:2164,1
DA:2165,1
DA:2166,1
DA:2167,1
DA:2169,1
DA:2170,1
DA:2171,1
DA:2172,1
DA:2173,1
DA:2174,1
DA:2176,1
DA:2177,1
DA:2178,1
DA:2179,1
DA:2181,1
DA:2182,1
DA:2183,1
DA:2184,1
DA:2185,1
DA:2186,1
DA:2188,1
DA:2189,1
DA:2190,1
DA:2191,1
DA:2193,1
DA:2194,1
DA:2195,1
DA:2196,1
DA:2198,1
DA:2199,1
DA:2200,1
DA:2201,1
DA:2203,1
DA:2204,1
DA:2205,1
DA:2206,1
DA:2208,1
DA:2209,1
DA:2210,1
DA:2211,1
DA:2214,1
DA:2215,1
DA:2216,1
DA:2217,1
DA:2219,1
DA:2220,1
DA:2221,1
DA:2222,1
DA:2223,1
DA:2224,1
DA:2225,1
DA:2226,1
DA:2236,1
DA:2237,1
DA:2238,1
DA:2239,1
DA:2240,1
DA:2241,1
DA:2242,1
DA:2243,1
DA:2244,1
DA:2246,1
DA:2247,1
DA:2248,1
DA:2249,1
DA:2250,1
DA:2253,1
DA:2254,1
DA:2255,1
DA:2256,1
DA:2257,1
DA:2258,1
DA:2259,1
DA:2260,1
DA:2261,1
DA:2262,1
DA:2263,1
DA:2264,1
DA:2265,1
DA:2266,1
DA:2286,1
DA:2288,1
DA:2289,1
DA:2290,1
DA:2292,1
DA:2293,1
DA:2294,1
DA:2296,1
DA:2297,1
DA:2298,1
DA:2300,1
DA:2301,1
DA:2302,1
DA:2303,1
DA:2305,1
DA:2306,1
DA:2307,1
DA:2308,1
DA:2310,1
DA:2311,1
DA:2312,1
DA:2313,1
DA:2315,1
DA:2316,1
DA:2317,1
DA:2318,1
DA:2320,1
DA:2321,1
DA:2322,1
DA:2323,1
DA:2325,1
DA:2326,1
DA:2327,1
DA:2328,1
DA:2330,1
DA:2331,1
DA:2332,1
DA:2333,1
DA:2335,1
DA:2336,1
DA:2337,1
DA:2338,1
DA:2340,1
DA:2341,1
DA:2342,1
DA:2343,1
DA:2345,1
DA:2346,1
DA:2347,1
DA:2348,1
DA:2350,1
DA:2351,1
DA:2352,1
DA:2353,1
DA:2355,1
DA:2356,1
DA:2357,1
DA:2358,1
DA:2360,1
DA:2361,1
DA:2362,1
DA:2363,1
DA:2365,1
DA:2366,1
DA:2367,1
DA:2368,1
DA:2369,1
DA:2370,1
DA:2372,1
DA:2373,1
DA:2374,1
DA:2375,1
DA:2376,1
DA:2377,1
DA:2379,1
DA:2380,1
DA:2381,1
DA:2382,1
DA:2383,1
DA:2384,1
DA:2386,1
DA:2387,1
DA:2388,1
DA:2389,1
DA:2390,1
DA:2391,1
DA:2398,1
DA:2399,1
DA:2400,1
DA:2401,1
DA:2403,1
DA:2404,1
DA:2405,1
DA:2406,1
DA:2408,1
DA:2409,1
DA:2410,1
DA:2411,1
DA:2413,1
DA:2414,1
DA:2415,1
DA:2416,1
DA:2418,1
DA:2419,1
DA:2420,1
DA:2421,1
DA:2423,1
DA:2424,1
DA:2425,1
DA:2426,1
DA:2428,1
DA:2429,1
DA:2430,1
DA:2431,1
DA:2433,1
DA:2434,1
DA:2435,1
DA:2436,1
DA:2438,1
DA:2439,1
DA:2440,1
DA:2441,1
DA:2443,1
DA:2444,1
DA:2445,1
DA:2446,1
DA:2448,1
DA:2449,1
DA:2450,1
DA:2451,1
DA:2453,1
DA:2454,1
DA:2455,1
DA:2456,1
DA:2458,1
DA:2459,1
DA:2460,1
DA:2461,1
DA:2463,1
DA:2464,1
DA:2465,1
DA:2466,1
DA:2467,1
DA:2468,1
DA:2470,1
DA:2471,1
DA:2472,1
DA:2473,1
DA:2474,1
DA:2475,1
DA:2477,1
DA:2478,1
DA:2479,1
DA:2480,1
DA:2481,1
DA:2482,1
DA:2484,1
DA:2485,1
DA:2486,1
DA:2487,1
DA:2488,1
DA:2489,1
DA:2491,1
DA:2494,32
DA:2495,32
DA:2496,32
DA:2497,32
DA:2500,32
DA:2501,32
DA:2502,32
DA:2503,32
DA:2504,32
DA:2505,32
DA:2506,32
DA:2507,32
DA:2508,32
DA:2509,32
DA:2510,32
DA:2511,32
DA:2512,32
DA:2513,32
DA:2514,32
DA:2515,32
DA:2516,32
DA:2517,32
DA:2518,32
DA:2519,32
DA:2520,32
DA:2521,32
DA:2522,32
DA:2523,32
DA:2524,32
DA:2525,32
DA:2526,32
DA:2528,32
DA:2530,32
DA:2531,32
DA:2532,32
DA:2533,32
DA:2535,32
DA:2536,1
DA:2537,1
DA:2539,1
LF:1120
LH:1120
end_of_record
